<?xml version="1.0" encoding="UTF-8"?>
<!-- Generated by org.testng.reporters.JUnitReportReporter -->
<testsuite hostname="Boobal-PC" failures="0" tests="1" name="loginTestCases.correctPassword" time="6.433" errors="0" timestamp="2021-09-05T21:53:04 IST" skipped="0">
  <testcase classname="loginTestCases.correctPassword" name="loginWithCorrectPassword" time="6.433"/>
  <system-out/>
</testsuite> <!-- loginTestCases.correctPassword -->
