<?xml version="1.0" encoding="UTF-8"?>
<!-- Generated by org.testng.reporters.JUnitReportReporter -->
<testsuite hostname="Boobal-PC" failures="0" tests="1" name="loginTestCases.bothCorrect" time="9.378" errors="0" timestamp="2021-09-05T21:53:04 IST" skipped="0">
  <testcase classname="loginTestCases.bothCorrect" name="loginWithBothCorrect" time="9.378"/>
  <system-out/>
</testsuite> <!-- loginTestCases.bothCorrect -->
