<?xml version="1.0" encoding="UTF-8"?>
<!-- Generated by org.testng.reporters.JUnitReportReporter -->
<testsuite hostname="Boobal-PC" failures="0" tests="4" name="loginTestCases.login" time="13.127" errors="0" timestamp="2021-09-06T16:55:52 IST" skipped="0">
  <testcase classname="loginTestCases.login" name="loginWithBothCorrect" time="1.203"/>
  <system-out/>
  <testcase classname="loginTestCases.login" name="loginWithBothCorrect" time="4.892"/>
  <system-out/>
  <testcase classname="loginTestCases.login" name="loginWithBothCorrect" time="5.297"/>
  <system-out/>
  <testcase classname="loginTestCases.login" name="loginWithBothCorrect" time="1.735"/>
  <system-out/>
</testsuite> <!-- loginTestCases.login -->
