<?xml version="1.0" encoding="UTF-8"?>
<!-- Generated by org.testng.reporters.JUnitReportReporter -->
<testsuite hostname="Boobal-PC" failures="0" tests="1" name="testNG.AssertionExample" time="0.014" errors="0" timestamp="2021-09-05T16:30:48 IST" skipped="0">
  <testcase classname="testNG.AssertionExample" name="checkEqual" time="0.014"/>
  <system-out/>
</testsuite> <!-- testNG.AssertionExample -->
