<?xml version="1.0" encoding="UTF-8"?>
<!-- Generated by org.testng.reporters.JUnitReportReporter -->
<testsuite hostname="Boobal-PC" failures="0" tests="1" name="testNG.AnotationsHierarchyExample" time="0.009" errors="0" timestamp="2021-09-05T16:52:51 IST" skipped="0">
  <testcase classname="testNG.AnotationsHierarchyExample" name="test" time="0.009"/>
  <system-out/>
</testsuite> <!-- testNG.AnotationsHierarchyExample -->
