<?xml version="1.0" encoding="UTF-8"?>
<!-- Generated by org.testng.reporters.JUnitReportReporter -->
<testsuite hostname="Boobal-PC" failures="0" tests="3" name="testNG.SuiteExample" time="3.360" errors="0" timestamp="2021-09-05T14:00:05 IST" skipped="0">
  <testcase classname="testNG.SuiteExample" name="OpenYahoo" time="0.621"/>
  <system-out/>
  <testcase classname="testNG.SuiteExample" name="openBing" time="0.390"/>
  <system-out/>
  <testcase classname="testNG.SuiteExample" name="openGoogle" time="2.349"/>
  <system-out/>
</testsuite> <!-- testNG.SuiteExample -->
