<?xml version="1.0" encoding="UTF-8"?>
<!-- Generated by org.testng.reporters.JUnitReportReporter -->
<testsuite hostname="Boobal-PC" failures="0" tests="3" name="testNG.DependencyManagement" time="0.010" errors="0" timestamp="2021-09-05T14:00:05 IST" skipped="0">
  <testcase classname="testNG.DependencyManagement" name="engineering" time="0.001"/>
  <system-out/>
  <testcase classname="testNG.DependencyManagement" name="sslc" time="0.007"/>
  <system-out/>
  <testcase classname="testNG.DependencyManagement" name="hsc" time="0.002"/>
  <system-out/>
</testsuite> <!-- testNG.DependencyManagement -->
