<?xml version="1.0" encoding="UTF-8"?>
<!-- Generated by org.testng.reporters.JUnitReportReporter -->
<testsuite hostname="Boobal-PC" failures="0" tests="2" name="testNG.ParallelTesting" time="7.772" errors="0" timestamp="2021-09-05T16:11:40 IST" skipped="0">
  <testcase classname="testNG.ParallelTesting" name="openGoogle" time="4.369"/>
  <system-out/>
  <testcase classname="testNG.ParallelTesting" name="openBing" time="3.403"/>
  <system-out/>
</testsuite> <!-- testNG.ParallelTesting -->
