<?xml version="1.0" encoding="UTF-8"?>
<!-- Generated by org.testng.reporters.JUnitReportReporter -->
<testsuite hostname="Boobal-PC" failures="0" tests="4" name="testNG.GroupingExample" time="0.018" errors="0" timestamp="2021-09-05T14:55:58 IST" skipped="0">
  <testcase classname="testNG.GroupingExample" name="vivo1" time="0.001"/>
  <system-out/>
  <testcase classname="testNG.GroupingExample" name="vivo2" time="0.002"/>
  <system-out/>
  <testcase classname="testNG.GroupingExample" name="moto1" time="0.013"/>
  <system-out/>
  <testcase classname="testNG.GroupingExample" name="moto2" time="0.002"/>
  <system-out/>
</testsuite> <!-- testNG.GroupingExample -->
