<?xml version="1.0" encoding="UTF-8"?>
<!-- Generated by org.testng.reporters.JUnitReportReporter -->
<testsuite hostname="Boobal-PC" failures="0" tests="6" name="testNG.SkipTestCase" time="0.005" errors="0" timestamp="2021-09-05T14:00:05 IST" skipped="0">
  <testcase classname="testNG.SkipTestCase" name="startCar" time="0.001"/>
  <system-out/>
  <testcase classname="testNG.SkipTestCase" name="gear1" time="0.001"/>
  <system-out/>
  <testcase classname="testNG.SkipTestCase" name="gear2" time="0.001"/>
  <system-out/>
  <testcase classname="testNG.SkipTestCase" name="gear3" time="0.000"/>
  <system-out/>
  <testcase classname="testNG.SkipTestCase" name="gear4" time="0.001"/>
  <system-out/>
  <testcase classname="testNG.SkipTestCase" name="startmusic" time="0.001"/>
  <system-out/>
</testsuite> <!-- testNG.SkipTestCase -->
