<?xml version="1.0" encoding="UTF-8"?>
<!-- Generated by org.testng.reporters.JUnitReportReporter -->
<testsuite hostname="Boobal-PC" failures="0" tests="1" name="testNG.ParameterizationExample" time="0.010" errors="0" timestamp="2021-09-05T15:58:43 IST" skipped="0">
  <testcase classname="testNG.ParameterizationExample" name="printName" time="0.010"/>
  <system-out/>
</testsuite> <!-- testNG.ParameterizationExample -->
